0 info it worked if it ends with ok
1 verbose cli [ '/usr/bin/node', '/usr/bin/npm', 'i', 'node' ]
2 info using npm@3.5.2
3 info using node@v8.10.0
4 silly loadCurrentTree Starting
5 silly install loadCurrentTree
6 silly install readLocalPackageData
7 silly fetchPackageMetaData node
8 silly fetchNamedPackageData node
9 silly mapToRegistry name node
10 silly mapToRegistry using default registry
11 silly mapToRegistry registry https://registry.npmjs.org/
12 silly mapToRegistry uri https://registry.npmjs.org/node
13 verbose request uri https://registry.npmjs.org/node
14 verbose request no auth needed
15 info attempt registry request try #1 at 6:06:28 PM
16 verbose request id ccdcc571052296b2
17 verbose etag W/"1857437d9cae6777396e3eb5ae7c16f4"
18 verbose lastModified Wed, 05 Jun 2019 01:28:34 GMT
19 http request GET https://registry.npmjs.org/node
20 http 304 https://registry.npmjs.org/node
21 verbose headers { date: 'Sun, 16 Jun 2019 11:06:28 GMT',
21 verbose headers   connection: 'keep-alive',
21 verbose headers   'set-cookie':
21 verbose headers    [ '__cfduid=dc4f18757effff0893eee27409c1392d21560683188; expires=Mon, 15-Jun-20 11:06:28 GMT; path=/; domain=.npmjs.org; HttpOnly' ],
21 verbose headers   'cf-cache-status': 'HIT',
21 verbose headers   'cache-control': 'max-age=300',
21 verbose headers   'cf-ray': '4e7c5087c849c704-SGN',
21 verbose headers   etag: '"1857437d9cae6777396e3eb5ae7c16f4"',
21 verbose headers   'expect-ct': 'max-age=604800, report-uri="https://report-uri.cloudflare.com/cdn-cgi/beacon/expect-ct"',
21 verbose headers   'last-modified': 'Wed, 05 Jun 2019 01:28:34 GMT',
21 verbose headers   vary: 'accept-encoding, accept',
21 verbose headers   'x-amz-meta-rev': '481-ece7cb2e26664a0abcdd5c6c02b2251c',
21 verbose headers   server: 'cloudflare' }
22 silly get cb [ 304,
22 silly get   { date: 'Sun, 16 Jun 2019 11:06:28 GMT',
22 silly get     connection: 'keep-alive',
22 silly get     'set-cookie':
22 silly get      [ '__cfduid=dc4f18757effff0893eee27409c1392d21560683188; expires=Mon, 15-Jun-20 11:06:28 GMT; path=/; domain=.npmjs.org; HttpOnly' ],
22 silly get     'cf-cache-status': 'HIT',
22 silly get     'cache-control': 'max-age=300',
22 silly get     'cf-ray': '4e7c5087c849c704-SGN',
22 silly get     etag: '"1857437d9cae6777396e3eb5ae7c16f4"',
22 silly get     'expect-ct': 'max-age=604800, report-uri="https://report-uri.cloudflare.com/cdn-cgi/beacon/expect-ct"',
22 silly get     'last-modified': 'Wed, 05 Jun 2019 01:28:34 GMT',
22 silly get     vary: 'accept-encoding, accept',
22 silly get     'x-amz-meta-rev': '481-ece7cb2e26664a0abcdd5c6c02b2251c',
22 silly get     server: 'cloudflare' } ]
23 verbose etag https://registry.npmjs.org/node from cache
24 verbose get saving node to /home/tuong/.npm/registry.npmjs.org/node/.cache.json
25 silly install normalizeTree
26 silly loadCurrentTree Finishing
27 silly loadIdealTree Starting
28 silly install loadIdealTree
29 silly cloneCurrentTree Starting
30 silly install cloneCurrentTreeToIdealTree
31 silly cloneCurrentTree Finishing
32 silly loadShrinkwrap Starting
33 silly install loadShrinkwrap
34 silly loadShrinkwrap Finishing
35 silly loadAllDepsIntoIdealTree Starting
36 silly install loadAllDepsIntoIdealTree
37 silly resolveWithNewModule node@12.4.0 checking installable status
38 silly cache add args [ 'node', null ]
39 verbose cache add spec node
40 silly cache add parsed spec Result {
40 silly cache add   raw: 'node',
40 silly cache add   scope: null,
40 silly cache add   name: 'node',
40 silly cache add   rawSpec: '',
40 silly cache add   spec: 'latest',
40 silly cache add   type: 'tag' }
41 silly addNamed node@latest
42 verbose addNamed "latest" is being treated as a dist-tag for node
43 info addNameTag [ 'node', 'latest' ]
44 silly mapToRegistry name node
45 silly mapToRegistry using default registry
46 silly mapToRegistry registry https://registry.npmjs.org/
47 silly mapToRegistry uri https://registry.npmjs.org/node
48 verbose addNameTag registry:https://registry.npmjs.org/node not in flight; fetching
49 verbose get https://registry.npmjs.org/node not expired, no request
50 silly addNameTag next cb for node with tag latest
51 silly addNamed node@12.4.0
52 verbose addNamed "12.4.0" is a plain semver version for node
53 silly cache afterAdd node@12.4.0
54 verbose afterAdd /home/tuong/.npm/node/12.4.0/package/package.json not in flight; writing
55 verbose afterAdd /home/tuong/.npm/node/12.4.0/package/package.json written
56 silly loadAllDepsIntoIdealTree Finishing
57 silly idealTree:prePrune js-demo@1.0.0
57 silly idealTree:prePrune ├── node-bin-setup@1.0.6
57 silly idealTree:prePrune └── node@12.4.0
58 silly loadIdealTree Finishing
59 silly currentTree js-demo@1.0.0
59 silly currentTree └── node-bin-setup@1.0.6
60 silly idealTree js-demo@1.0.0
60 silly idealTree ├── node-bin-setup@1.0.6
60 silly idealTree └── node@12.4.0
61 silly generateActionsToTake Starting
62 silly install generateActionsToTake
63 silly generateActionsToTake Finishing
64 silly diffTrees action count 2
65 silly diffTrees update node-bin-setup@1.0.6
66 silly diffTrees add node@12.4.0
67 silly decomposeActions action count 16
68 silly decomposeActions fetch node-bin-setup@1.0.6
69 silly decomposeActions extract node-bin-setup@1.0.6
70 silly decomposeActions test node-bin-setup@1.0.6
71 silly decomposeActions preinstall node-bin-setup@1.0.6
72 silly decomposeActions build node-bin-setup@1.0.6
73 silly decomposeActions install node-bin-setup@1.0.6
74 silly decomposeActions postinstall node-bin-setup@1.0.6
75 silly decomposeActions finalize node-bin-setup@1.0.6
76 silly decomposeActions fetch node@12.4.0
77 silly decomposeActions extract node@12.4.0
78 silly decomposeActions test node@12.4.0
79 silly decomposeActions preinstall node@12.4.0
80 silly decomposeActions build node@12.4.0
81 silly decomposeActions install node@12.4.0
82 silly decomposeActions postinstall node@12.4.0
83 silly decomposeActions finalize node@12.4.0
84 silly executeActions Starting
85 silly install executeActions
86 silly doSerial global-install 0
87 silly doParallel fetch 2
88 verbose lock using /home/tuong/.npm/_locks/staging-0066d2a4d89a2c10.lock for /home/tuong/Documents/Demo1405/node_modules/.staging
89 silly doParallel extract 2
90 silly extract node-bin-setup@1.0.6
91 silly extract node@12.4.0
92 verbose unbuild node_modules/.staging/node-bin-setup-84aa229c
93 verbose unbuild node_modules/.staging/node-0e5bd1f8
94 silly gentlyRm /home/tuong/Documents/Demo1405/node_modules/.staging/node-bin-setup-84aa229c is being purged from base /home/tuong/Documents/Demo1405
95 verbose gentlyRm don't care about contents; nuking /home/tuong/Documents/Demo1405/node_modules/.staging/node-bin-setup-84aa229c
96 verbose tar unpack /home/tuong/.npm/node-bin-setup/1.0.6/package.tgz
97 verbose tar unpacking to /home/tuong/Documents/Demo1405/node_modules/.staging/node-bin-setup-84aa229c
98 silly gentlyRm /home/tuong/Documents/Demo1405/node_modules/.staging/node-bin-setup-84aa229c is being purged
99 verbose gentlyRm don't care about contents; nuking /home/tuong/Documents/Demo1405/node_modules/.staging/node-bin-setup-84aa229c
100 silly gentlyRm /home/tuong/Documents/Demo1405/node_modules/.staging/node-0e5bd1f8 is being purged from base /home/tuong/Documents/Demo1405
101 verbose gentlyRm don't care about contents; nuking /home/tuong/Documents/Demo1405/node_modules/.staging/node-0e5bd1f8
102 silly gunzTarPerm modes [ '775', '664' ]
103 verbose tar unpack /home/tuong/.npm/node/12.4.0/package.tgz
104 verbose tar unpacking to /home/tuong/Documents/Demo1405/node_modules/.staging/node-0e5bd1f8
105 silly gentlyRm /home/tuong/Documents/Demo1405/node_modules/.staging/node-0e5bd1f8 is being purged
106 verbose gentlyRm don't care about contents; nuking /home/tuong/Documents/Demo1405/node_modules/.staging/node-0e5bd1f8
107 silly gunzTarPerm modes [ '775', '664' ]
108 silly gunzTarPerm extractEntry package.json
109 silly gunzTarPerm modified mode [ 'package.json', 420, 436 ]
110 silly gunzTarPerm extractEntry package.json
111 silly gunzTarPerm modified mode [ 'package.json', 420, 436 ]
112 silly gunzTarPerm extractEntry index.js
113 silly gunzTarPerm modified mode [ 'index.js', 420, 436 ]
114 silly gunzTarPerm extractEntry installArchSpecificPackage.js
115 silly gunzTarPerm modified mode [ 'installArchSpecificPackage.js', 420, 436 ]
116 silly gunzTarPerm extractEntry README.md
117 silly gunzTarPerm modified mode [ 'README.md', 420, 436 ]
118 silly gentlyRm /home/tuong/Documents/Demo1405/node_modules/.staging/node-bin-setup-84aa229c/node_modules is being purged
119 verbose gentlyRm don't care about contents; nuking /home/tuong/Documents/Demo1405/node_modules/.staging/node-bin-setup-84aa229c/node_modules
120 silly gentlyRm /home/tuong/Documents/Demo1405/node_modules/.staging/node-0e5bd1f8/node_modules is being purged
121 verbose gentlyRm don't care about contents; nuking /home/tuong/Documents/Demo1405/node_modules/.staging/node-0e5bd1f8/node_modules
122 silly doParallel preinstall 2
123 silly preinstall node-bin-setup@1.0.6 /home/tuong/Documents/Demo1405/node_modules/.staging/node-bin-setup-84aa229c
124 info lifecycle node-bin-setup@1.0.6~preinstall: node-bin-setup@1.0.6
125 silly preinstall node@12.4.0 /home/tuong/Documents/Demo1405/node_modules/.staging/node-0e5bd1f8
126 info lifecycle node@12.4.0~preinstall: node@12.4.0
127 silly lifecycle node-bin-setup@1.0.6~preinstall: no script for preinstall, continuing
128 verbose lifecycle node@12.4.0~preinstall: unsafe-perm in lifecycle true
129 verbose lifecycle node@12.4.0~preinstall: PATH: /usr/share/npm/bin/node-gyp-bin:/home/tuong/Documents/Demo1405/node_modules/.staging/node-0e5bd1f8/node_modules/.bin:/home/tuong/Documents/Demo1405/node_modules/.bin:/usr/local/sbin:/usr/local/bin:/usr/sbin:/usr/bin:/sbin:/bin:/usr/games:/usr/local/games:/snap/bin
130 verbose lifecycle node@12.4.0~preinstall: CWD: /home/tuong/Documents/Demo1405/node_modules/.staging/node-0e5bd1f8
131 silly lifecycle node@12.4.0~preinstall: Args: [ '-c', 'node installArchSpecificPackage' ]
132 silly lifecycle node@12.4.0~preinstall: Returned: code: 1  signal: null
133 info lifecycle node@12.4.0~preinstall: Failed to exec preinstall script
134 verbose unlock done using /home/tuong/.npm/_locks/staging-0066d2a4d89a2c10.lock for /home/tuong/Documents/Demo1405/node_modules/.staging
135 silly rollbackFailedOptional Starting
136 silly rollbackFailedOptional Finishing
137 silly runTopLevelLifecycles Starting
138 silly runTopLevelLifecycles Finishing
139 silly install printInstalled
140 warn js-demo@1.0.0 No description
141 verbose stack Error: node@12.4.0 preinstall: `node installArchSpecificPackage`
141 verbose stack Exit status 1
141 verbose stack     at EventEmitter.<anonymous> (/usr/share/npm/lib/utils/lifecycle.js:232:16)
141 verbose stack     at emitTwo (events.js:126:13)
141 verbose stack     at EventEmitter.emit (events.js:214:7)
141 verbose stack     at ChildProcess.<anonymous> (/usr/share/npm/lib/utils/spawn.js:24:14)
141 verbose stack     at emitTwo (events.js:126:13)
141 verbose stack     at ChildProcess.emit (events.js:214:7)
141 verbose stack     at maybeClose (internal/child_process.js:925:16)
141 verbose stack     at Process.ChildProcess._handle.onexit (internal/child_process.js:209:5)
142 verbose pkgid node@12.4.0
143 verbose cwd /home/tuong/Documents/Demo1405
144 error Linux 4.15.0-48-generic
145 error argv "/usr/bin/node" "/usr/bin/npm" "i" "node"
146 error node v8.10.0
147 error npm  v3.5.2
148 error code ELIFECYCLE
149 error node@12.4.0 preinstall: `node installArchSpecificPackage`
149 error Exit status 1
150 error Failed at the node@12.4.0 preinstall script 'node installArchSpecificPackage'.
150 error Make sure you have the latest version of node.js and npm installed.
150 error If you do, this is most likely a problem with the node package,
150 error not with npm itself.
150 error Tell the author that this fails on your system:
150 error     node installArchSpecificPackage
150 error You can get information on how to open an issue for this project with:
150 error     npm bugs node
150 error Or if that isn't available, you can get their info via:
150 error     npm owner ls node
150 error There is likely additional logging output above.
151 verbose exit [ 1, true ]
